<?xml version="1.0" encoding="UTF-8"?>
<testsuite xmlns:xsi="http://www.w3.org/2001/XMLSchema-instance" xsi:noNamespaceSchemaLocation="https://maven.apache.org/surefire/maven-surefire-plugin/xsd/surefire-test-report.xsd" name="it.unipd.mtss.CartTest" time="0.033" tests="35" errors="0" skipped="0" failures="0">
  <properties>
[...]
</properties>
  <testcase name="shouldBeAWrongTimeAgain" classname="it.unipd.mtss.CartTest" time="0"/>
  <testcase name="shouldSetOrderNumber" classname="it.unipd.mtss.CartTest" time="0"/>
  <testcase name="sameNumberOfKeyboardAndMouse_MoreKeyboardsThanMouse" classname="it.unipd.mtss.CartTest" time="0"/>
  <testcase name="shouldSetCartAndUser" classname="it.unipd.mtss.CartTest" time="0"/>
  <testcase name="sameNumberOfKeyboardAndMouse_NoMouse" classname="it.unipd.mtss.CartTest" time="0"/>
  <testcase name="shouldBeAGoodTime" classname="it.unipd.mtss.CartTest" time="0"/>
  <testcase name="shouldGetADiscountIfAmountTooHigh_JustAbout1000" classname="it.unipd.mtss.CartTest" time="0"/>
  <testcase name="tooMuchItemsOnCart" classname="it.unipd.mtss.CartTest" time="0.009"/>
  <testcase name="shouldget10FreeRandomOrdersIfMinorenneRightOrderTime" classname="it.unipd.mtss.CartTest" time="0"/>
  <testcase name="leastExpensiveProcessorShouldBeHalf_TotalZero" classname="it.unipd.mtss.CartTest" time="0"/>
  <testcase name="leastExpensiveProcessorShouldBeHalf" classname="it.unipd.mtss.CartTest" time="0"/>
  <testcase name="shouldget10FreeRandomOrdersIfMinorenne" classname="it.unipd.mtss.CartTest" time="0"/>
  <testcase name="shouldget10FreeRandomOrdersIfMinorenneSomeRightTimeSomeNot" classname="it.unipd.mtss.CartTest" time="0"/>
  <testcase name="shouldGetADiscountIfAmountTooHigh" classname="it.unipd.mtss.CartTest" time="0"/>
  <testcase name="leastExpensiveMouseShouldBeFree_SamePrice" classname="it.unipd.mtss.CartTest" time="0"/>
  <testcase name="sameNumberOfKeyboardAndMouse_NoKeyboard" classname="it.unipd.mtss.CartTest" time="0"/>
  <testcase name="shouldCreateAStandardCart" classname="it.unipd.mtss.CartTest" time="0"/>
  <testcase name="shouldGetTheCorrectAmount" classname="it.unipd.mtss.CartTest" time="0"/>
  <testcase name="shouldBeAGoodTimeForGift" classname="it.unipd.mtss.CartTest" time="0"/>
  <testcase name="leastExpensiveMouseShouldBeFree" classname="it.unipd.mtss.CartTest" time="0"/>
  <testcase name="leastExpensiveProcessorShouldBeHalf_SamePrice" classname="it.unipd.mtss.CartTest" time="0"/>
  <testcase name="shouldIncreaseTheAmountIfTooLow" classname="it.unipd.mtss.CartTest" time="0"/>
  <testcase name="sameNumberOfKeyboardAndMouse_SamePrice" classname="it.unipd.mtss.CartTest" time="0"/>
  <testcase name="sameNumberOfKeyboardAndMouse_DifferentAmountOfMousesAndKeyboards" classname="it.unipd.mtss.CartTest" time="0"/>
  <testcase name="shouldIncreaseTheAmountIfTooLow_EmptyCart" classname="it.unipd.mtss.CartTest" time="0"/>
  <testcase name="shouldSetNumberOfItems" classname="it.unipd.mtss.CartTest" time="0"/>
  <testcase name="sameNumberOfKeyboardAndMouse" classname="it.unipd.mtss.CartTest" time="0"/>
  <testcase name="shouldBeAnotherBadTimeForGift" classname="it.unipd.mtss.CartTest" time="0"/>
  <testcase name="shouldGetTheCorrectAmount_EmptyCart" classname="it.unipd.mtss.CartTest" time="0.001"/>
  <testcase name="shouldBeAnotherGoodTimeForGift" classname="it.unipd.mtss.CartTest" time="0.001"/>
  <testcase name="tooMuchItemsOnCartSouldBeFine" classname="it.unipd.mtss.CartTest" time="0"/>
  <testcase name="shouldCreateACopyCart" classname="it.unipd.mtss.CartTest" time="0"/>
  <testcase name="shouldSetCart" classname="it.unipd.mtss.CartTest" time="0.005"/>
  <testcase name="shouldBeABadTimeForGift" classname="it.unipd.mtss.CartTest" time="0.002"/>
  <testcase name="shouldBeAWrongTime" classname="it.unipd.mtss.CartTest" time="0"/>
</testsuite>