<?xml version="1.0" encoding="UTF-8"?>
<testsuite xmlns:xsi="http://www.w3.org/2001/XMLSchema-instance" xsi:noNamespaceSchemaLocation="https://maven.apache.org/surefire/maven-surefire-plugin/xsd/surefire-test-report.xsd" name="it.unipd.mtss.EItemTest" time="0.002" tests="6" errors="0" skipped="0" failures="0">
  <properties>
[...]
</properties>
  <testcase name="shouldGetTheRightName" classname="it.unipd.mtss.EItemTest" time="0"/>
  <testcase name="createCustomEItem" classname="it.unipd.mtss.EItemTest" time="0.001"/>
  <testcase name="shoudSetNewName" classname="it.unipd.mtss.EItemTest" time="0"/>
  <testcase name="shoudSetNewType" classname="it.unipd.mtss.EItemTest" time="0"/>
  <testcase name="createStandardEItem" classname="it.unipd.mtss.EItemTest" time="0"/>
  <testcase name="shoudSetNewPrice" classname="it.unipd.mtss.EItemTest" time="0"/>
</testsuite>