GROUP,PACKAGE,CLASS,INSTRUCTION_MISSED,INSTRUCTION_COVERED,BRANCH_MISSED,BRANCH_COVERED,LINE_MISSED,LINE_COVERED,COMPLEXITY_MISSED,COMPLEXITY_COVERED,METHOD_MISSED,METHOD_COVERED
e-shop-manager,it.unipd.mtss,App,68,0,0,0,15,0,2,0,2,0
e-shop-manager,it.unipd.mtss.model,OrderCounter,0,29,0,0,0,10,0,4,0,4
e-shop-manager,it.unipd.mtss.model,User,0,58,0,0,0,24,0,10,0,10
e-shop-manager,it.unipd.mtss.model,EItem,0,65,0,5,0,26,0,12,0,8
e-shop-manager,it.unipd.mtss.model,Cart,60,304,7,43,17,84,12,35,7,15
e-shop-manager,it.unipd.mtss.model,EItem.itemType,0,44,0,0,0,1,0,1,0,1
e-shop-manager,it.unipd.mtss.business.exception,BillException,4,0,0,0,2,0,1,0,1,0
