GROUP,PACKAGE,CLASS,INSTRUCTION_MISSED,INSTRUCTION_COVERED,BRANCH_MISSED,BRANCH_COVERED,LINE_MISSED,LINE_COVERED,COMPLEXITY_MISSED,COMPLEXITY_COVERED,METHOD_MISSED,METHOD_COVERED
e-shop-manager,it.unipd.mtss,App,0,70,0,0,0,16,0,3,0,3
e-shop-manager,it.unipd.mtss.model,OrderCounter,0,29,0,0,0,10,0,4,0,4
e-shop-manager,it.unipd.mtss.model,EItem,0,95,1,13,0,39,1,17,0,8
e-shop-manager,it.unipd.mtss.model,User,0,58,0,0,0,24,0,10,0,10
e-shop-manager,it.unipd.mtss.model,Cart,0,444,1,55,0,121,1,50,0,23
e-shop-manager,it.unipd.mtss.model,EItem.itemType,0,44,0,0,0,1,0,1,0,1
e-shop-manager,it.unipd.mtss.business.exception,BillException,0,4,0,0,0,2,0,1,0,1
